[debug] [2023-02-25T18:58:25.102Z] ----------------------------------------------------------------------
[debug] [2023-02-25T18:58:25.104Z] Command:       /home/daniel/.nvm/versions/node/v19.6.0/bin/node /home/daniel/.nvm/versions/node/v19.6.0/bin/firebase emulators:start
[debug] [2023-02-25T18:58:25.104Z] CLI Version:   11.22.0
[debug] [2023-02-25T18:58:25.104Z] Platform:      linux
[debug] [2023-02-25T18:58:25.104Z] Node Version:  v19.6.0
[debug] [2023-02-25T18:58:25.104Z] Time:          Sat Feb 25 2023 10:58:25 GMT-0800 (Pacific Standard Time)
[debug] [2023-02-25T18:58:25.104Z] ----------------------------------------------------------------------
[debug] 
[debug] [2023-02-25T18:58:25.169Z] > command requires scopes: ["email","openid","https://www.googleapis.com/auth/cloudplatformprojects.readonly","https://www.googleapis.com/auth/firebase","https://www.googleapis.com/auth/cloud-platform"]
[debug] [2023-02-25T18:58:25.169Z] > authorizing via signed-in user (daniel.svitan.team7274dev@gmail.com)
[debug] [2023-02-25T18:58:25.203Z] openjdk version "17.0.5" 2022-10-18
OpenJDK Runtime Environment (build 17.0.5+8-Ubuntu-2ubuntu1)
OpenJDK 64-Bit Server VM (build 17.0.5+8-Ubuntu-2ubuntu1, mixed mode, sharing)

[debug] [2023-02-25T18:58:25.215Z] Parsed Java major version: 17
[info] i  emulators: Starting emulators: functions, firestore, hosting {"metadata":{"emulator":{"name":"hub"},"message":"Starting emulators: functions, firestore, hosting"}}
[debug] [2023-02-25T18:58:25.219Z] [logging] Logging Emulator only supports listening on one address (127.0.0.1). Not listening on ::1
[debug] [2023-02-25T18:58:25.219Z] [firestore] Firestore Emulator only supports listening on one address (127.0.0.1). Not listening on ::1
[debug] [2023-02-25T18:58:25.220Z] [firestore.websocket] websocket server for firestore only supports listening on one address (127.0.0.1). Not listening on ::1
[debug] [2023-02-25T18:58:25.220Z] [hosting] Hosting Emulator only supports listening on one address (127.0.0.1). Not listening on ::1
[debug] [2023-02-25T18:58:25.220Z] assigned listening specs for emulators {"user":{"hub":[{"address":"127.0.0.1","family":"IPv4","port":4400},{"address":"::1","family":"IPv6","port":4400}],"ui":[{"address":"127.0.0.1","family":"IPv4","port":4000},{"address":"::1","family":"IPv6","port":4000}],"logging":[{"address":"127.0.0.1","family":"IPv4","port":4500}],"firestore":[{"address":"127.0.0.1","family":"IPv4","port":8080}],"firestore.websocket":[{"address":"127.0.0.1","family":"IPv4","port":9150}],"hosting":[{"address":"127.0.0.1","family":"IPv4","port":5000}]},"metadata":{"message":"assigned listening specs for emulators"}}
[debug] [2023-02-25T18:58:25.229Z] [hub] writing locator at /tmp/hub-automod-5f5ab.json
[debug] [2023-02-25T18:58:25.234Z] [functions] Functions Emulator only supports listening on one address (127.0.0.1). Not listening on ::1
[debug] [2023-02-25T18:58:25.234Z] [eventarc] Eventarc Emulator only supports listening on one address (127.0.0.1). Not listening on ::1
[debug] [2023-02-25T18:58:25.235Z] late-assigned ports for functions and eventarc emulators {"user":{"hub":[{"address":"127.0.0.1","family":"IPv4","port":4400},{"address":"::1","family":"IPv6","port":4400}],"ui":[{"address":"127.0.0.1","family":"IPv4","port":4000},{"address":"::1","family":"IPv6","port":4000}],"logging":[{"address":"127.0.0.1","family":"IPv4","port":4500}],"firestore":[{"address":"127.0.0.1","family":"IPv4","port":8080}],"firestore.websocket":[{"address":"127.0.0.1","family":"IPv4","port":9150}],"hosting":[{"address":"127.0.0.1","family":"IPv4","port":5000}],"functions":[{"address":"127.0.0.1","family":"IPv4","port":5001}],"eventarc":[{"address":"127.0.0.1","family":"IPv4","port":9299}]},"metadata":{"message":"late-assigned ports for functions and eventarc emulators"}}
[warn] ⚠  functions: The following emulators are not running, calls to these services from the Functions emulator will affect production: auth, database, pubsub, storage {"metadata":{"emulator":{"name":"functions"},"message":"The following emulators are not running, calls to these services from the Functions emulator will affect production: \u001b[1mauth, database, pubsub, storage\u001b[22m"}}
[debug] [2023-02-25T18:58:25.238Z] defaultcredentials: writing to file /home/daniel/.config/firebase/daniel_svitan.team7274dev_gmail.com_application_default_credentials.json
[debug] [2023-02-25T18:58:25.241Z] Setting GAC to /home/daniel/.config/firebase/daniel_svitan.team7274dev_gmail.com_application_default_credentials.json {"metadata":{"emulator":{"name":"functions"},"message":"Setting GAC to /home/daniel/.config/firebase/daniel_svitan.team7274dev_gmail.com_application_default_credentials.json"}}
[debug] [2023-02-25T18:58:25.243Z] >>> [apiv2][query] GET https://firebase.googleapis.com/v1beta1/projects/automod-5f5ab/adminSdkConfig [none]
[debug] [2023-02-25T18:58:25.736Z] <<< [apiv2][status] GET https://firebase.googleapis.com/v1beta1/projects/automod-5f5ab/adminSdkConfig 200
[debug] [2023-02-25T18:58:25.736Z] <<< [apiv2][body] GET https://firebase.googleapis.com/v1beta1/projects/automod-5f5ab/adminSdkConfig {"projectId":"automod-5f5ab","storageBucket":"automod-5f5ab.appspot.com"}
[debug] [2023-02-25T18:58:25.753Z] Ignoring unsupported arg: auto_download {"metadata":{"emulator":{"name":"firestore"},"message":"Ignoring unsupported arg: auto_download"}}
[debug] [2023-02-25T18:58:25.753Z] Ignoring unsupported arg: single_project_mode_error {"metadata":{"emulator":{"name":"firestore"},"message":"Ignoring unsupported arg: single_project_mode_error"}}
[debug] [2023-02-25T18:58:25.753Z] Starting Firestore Emulator with command {"binary":"java","args":["-Dgoogle.cloud_firestore.debug_log_level=FINE","-Duser.language=en","-jar","/home/daniel/.cache/firebase/emulators/cloud-firestore-emulator-v1.15.1.jar","--host","127.0.0.1","--port",8080,"--websocket_port",9150,"--project_id","automod-5f5ab","--rules","/home/daniel/Projects/cool_automod_ui/firestore.rules","--single_project_mode",true,"--functions_emulator","127.0.0.1:5001"],"optionalArgs":["port","webchannel_port","host","rules","websocket_port","functions_emulator","seed_from_export","project_id","single_project_mode"],"joinArgs":false} {"metadata":{"emulator":{"name":"firestore"},"message":"Starting Firestore Emulator with command {\"binary\":\"java\",\"args\":[\"-Dgoogle.cloud_firestore.debug_log_level=FINE\",\"-Duser.language=en\",\"-jar\",\"/home/daniel/.cache/firebase/emulators/cloud-firestore-emulator-v1.15.1.jar\",\"--host\",\"127.0.0.1\",\"--port\",8080,\"--websocket_port\",9150,\"--project_id\",\"automod-5f5ab\",\"--rules\",\"/home/daniel/Projects/cool_automod_ui/firestore.rules\",\"--single_project_mode\",true,\"--functions_emulator\",\"127.0.0.1:5001\"],\"optionalArgs\":[\"port\",\"webchannel_port\",\"host\",\"rules\",\"websocket_port\",\"functions_emulator\",\"seed_from_export\",\"project_id\",\"single_project_mode\"],\"joinArgs\":false}"}}
[info] i  firestore: Firestore Emulator logging to firestore-debug.log {"metadata":{"emulator":{"name":"firestore"},"message":"Firestore Emulator logging to \u001b[1mfirestore-debug.log\u001b[22m"}}
[debug] [2023-02-25T18:58:26.333Z] Feb 25, 2023 10:58:26 AM com.google.cloud.datastore.emulator.firestore.websocket.WebSocketServer start
INFO: Started WebSocket server on ws://127.0.0.1:9150
 {"metadata":{"emulator":{"name":"firestore"},"message":"Feb 25, 2023 10:58:26 AM com.google.cloud.datastore.emulator.firestore.websocket.WebSocketServer start\nINFO: Started WebSocket server on ws://127.0.0.1:9150\n"}}
[debug] [2023-02-25T18:58:26.356Z] API endpoint: http://127.0.0.1:8080
If you are using a library that supports the FIRESTORE_EMULATOR_HOST environment variable, run:

   export FIRESTORE_EMULATOR_HOST=127.0.0.1:8080 {"metadata":{"emulator":{"name":"firestore"},"message":"API endpoint: http://127.0.0.1:8080\nIf you are using a library that supports the FIRESTORE_EMULATOR_HOST environment variable, run:\n\n   export FIRESTORE_EMULATOR_HOST=127.0.0.1:8080"}}
[debug] [2023-02-25T18:58:26.357Z] 

Dev App Server is now running.

 {"metadata":{"emulator":{"name":"firestore"},"message":"\n\nDev App Server is now running.\n\n"}}
[info] ✔  firestore: Firestore Emulator UI websocket is running on 9150. {"metadata":{"emulator":{"name":"firestore"},"message":"Firestore Emulator UI websocket is running on 9150."}}
[debug] [2023-02-25T18:58:26.521Z] >>> [apiv2][query] GET https://firebasehosting.googleapis.com/v1beta1/projects/automod-5f5ab/sites 
[debug] [2023-02-25T18:58:27.068Z] <<< [apiv2][status] GET https://firebasehosting.googleapis.com/v1beta1/projects/automod-5f5ab/sites 200
[debug] [2023-02-25T18:58:27.068Z] <<< [apiv2][body] GET https://firebasehosting.googleapis.com/v1beta1/projects/automod-5f5ab/sites {"sites":[{"name":"projects/automod-5f5ab/sites/automod-5f5ab","defaultUrl":"https://automod-5f5ab.web.app","appId":"1:443774039339:web:23009675563b39bfdcc16e","type":"DEFAULT_SITE"}]}
[debug] [2023-02-25T18:58:27.068Z] >>> [apiv2][query] GET https://firebase.googleapis.com/v1beta1/projects/automod-5f5ab/webApps/1:443774039339:web:23009675563b39bfdcc16e/config [none]
[debug] [2023-02-25T18:58:27.204Z] Feb 25, 2023 10:58:27 AM io.gapi.emulators.netty.HttpVersionRoutingHandler channelRead
INFO: Detected non-HTTP/2 connection.
 {"metadata":{"emulator":{"name":"firestore"},"message":"Feb 25, 2023 10:58:27 AM io.gapi.emulators.netty.HttpVersionRoutingHandler channelRead\nINFO: Detected non-HTTP/2 connection.\n"}}
[debug] [2023-02-25T18:58:27.632Z] <<< [apiv2][status] GET https://firebase.googleapis.com/v1beta1/projects/automod-5f5ab/webApps/1:443774039339:web:23009675563b39bfdcc16e/config 200
[debug] [2023-02-25T18:58:27.632Z] <<< [apiv2][body] GET https://firebase.googleapis.com/v1beta1/projects/automod-5f5ab/webApps/1:443774039339:web:23009675563b39bfdcc16e/config {"projectId":"automod-5f5ab","appId":"1:443774039339:web:23009675563b39bfdcc16e","storageBucket":"automod-5f5ab.appspot.com","apiKey":"AIzaSyBTp2fk1PNYxSrnaG2LOLu0yUAJ7ZBD4hY","authDomain":"automod-5f5ab.firebaseapp.com","messagingSenderId":"443774039339"}
[debug] [2023-02-25T18:58:27.640Z] >>> [apiv2][query] GET https://firebase.googleapis.com/v1beta1/projects/automod-5f5ab [none]
[debug] [2023-02-25T18:58:27.702Z] Feb 25, 2023 10:58:27 AM io.gapi.emulators.netty.HttpVersionRoutingHandler channelRead
INFO: Detected non-HTTP/2 connection.
 {"metadata":{"emulator":{"name":"firestore"},"message":"Feb 25, 2023 10:58:27 AM io.gapi.emulators.netty.HttpVersionRoutingHandler channelRead\nINFO: Detected non-HTTP/2 connection.\n"}}
[debug] [2023-02-25T18:58:28.092Z] <<< [apiv2][status] GET https://firebase.googleapis.com/v1beta1/projects/automod-5f5ab 200
[debug] [2023-02-25T18:58:28.092Z] <<< [apiv2][body] GET https://firebase.googleapis.com/v1beta1/projects/automod-5f5ab {"projectId":"automod-5f5ab","projectNumber":"443774039339","displayName":"automod","name":"projects/automod-5f5ab","resources":{"hostingSite":"automod-5f5ab"},"state":"ACTIVE","etag":"1_c051aec8-6935-4f22-b66d-6cab91d9306d"}
[info] i  hosting[automod-5f5ab]: Serving hosting files from: dist {"metadata":{"emulator":{"name":"hosting"},"message":"Serving hosting files from: \u001b[1mdist\u001b[22m"}}
[info] ✔  hosting[automod-5f5ab]: Local server: http://127.0.0.1:5000 {"metadata":{"emulator":{"name":"hosting"},"message":"Local server: \u001b[4m\u001b[1mhttp://127.0.0.1:5000\u001b[22m\u001b[24m"}}
[debug] [2023-02-25T18:58:28.106Z] Ignoring unsupported arg: auto_download {"metadata":{"emulator":{"name":"ui"},"message":"Ignoring unsupported arg: auto_download"}}
[debug] [2023-02-25T18:58:28.106Z] Ignoring unsupported arg: port {"metadata":{"emulator":{"name":"ui"},"message":"Ignoring unsupported arg: port"}}
[debug] [2023-02-25T18:58:28.106Z] Starting Emulator UI with command {"binary":"node","args":["/home/daniel/.cache/firebase/emulators/ui-v1.11.2/server/server.js"],"optionalArgs":[],"joinArgs":false} {"metadata":{"emulator":{"name":"ui"},"message":"Starting Emulator UI with command {\"binary\":\"node\",\"args\":[\"/home/daniel/.cache/firebase/emulators/ui-v1.11.2/server/server.js\"],\"optionalArgs\":[],\"joinArgs\":false}"}}
[info] i  ui: Emulator UI logging to ui-debug.log {"metadata":{"emulator":{"name":"ui"},"message":"Emulator UI logging to \u001b[1mui-debug.log\u001b[22m"}}
[debug] [2023-02-25T18:58:28.191Z] Web / API server started at 127.0.0.1:4000
 {"metadata":{"emulator":{"name":"ui"},"message":"Web / API server started at 127.0.0.1:4000\n"}}
[debug] [2023-02-25T18:58:28.191Z] Web / API server started at ::1:4000
 {"metadata":{"emulator":{"name":"ui"},"message":"Web / API server started at ::1:4000\n"}}
[info] i  functions: Watching "/home/daniel/Projects/cool_automod_ui/functions" for Cloud Functions... {"metadata":{"emulator":{"name":"functions"},"message":"Watching \"/home/daniel/Projects/cool_automod_ui/functions\" for Cloud Functions..."}}
[debug] [2023-02-25T18:58:28.370Z] Validating nodejs source
[debug] [2023-02-25T18:58:29.201Z] > [functions] package.json contents: {
  "name": "functions",
  "scripts": {
    "build": "tsc",
    "build:watch": "tsc --watch",
    "serve": "npm run build && firebase emulators:start --only functions",
    "shell": "npm run build && firebase functions:shell",
    "start": "npm run shell",
    "deploy": "firebase deploy --only functions",
    "logs": "firebase functions:log"
  },
  "engines": {
    "node": "16"
  },
  "main": "lib/index.js",
  "dependencies": {
    "firebase-admin": "^10.2.0",
    "firebase-functions": "^4.2.1"
  },
  "devDependencies": {
    "typescript": "^4.6.4"
  },
  "private": true
}
[debug] [2023-02-25T18:58:29.201Z] Building nodejs source
[debug] [2023-02-25T18:58:29.202Z] Failed to find version of module node: reached end of search path /home/daniel/Projects/cool_automod_ui/functions/node_modules
[warn] ⚠  functions: Your requested "node" version "16" doesn't match your global version "19". Using node@19 from host. 
[debug] [2023-02-25T18:58:29.203Z] Could not find functions.yaml. Must use http discovery
[debug] [2023-02-25T18:58:29.206Z] Found firebase-functions binary at '/home/daniel/Projects/cool_automod_ui/functions/node_modules/.bin/firebase-functions'
[debug] [2023-02-25T18:58:29.305Z] Serving at port 8940

[debug] [2023-02-25T18:58:29.408Z] Got response from /__/functions.yaml {"endpoints":{"markEdit":{"platform":"gcfv1","availableMemoryMb":null,"timeoutSeconds":null,"minInstances":null,"maxInstances":null,"ingressSettings":null,"serviceAccountEmail":null,"vpc":null,"eventTrigger":{"eventType":"providers/cloud.firestore/eventTypes/document.write","eventFilters":{"resource":"projects/automod-5f5ab/databases/(default)/documents/fluids/{docId}"},"retry":false},"labels":{},"entryPoint":"markEdit"}},"specVersion":"v1alpha1","requiredAPIs":[]}
[debug] [2023-02-25T18:58:29.413Z] shutdown requested via /__/quitquitquit

[info] ✔  functions: Loaded functions definitions from source: markEdit. {"metadata":{"emulator":{"name":"functions"},"message":"Loaded functions definitions from source: markEdit."}}
[debug] [2023-02-25T18:58:29.418Z] addFirestoreTrigger "{\"eventTrigger\":{\"eventType\":\"providers/cloud.firestore/eventTypes/document.write\",\"resource\":\"projects/automod-5f5ab/databases/(default)/documents/fluids/{docId}\",\"service\":\"firestore.googleapis.com\"}}"
[debug] [2023-02-25T18:58:29.419Z] >>> [apiv2][query] PUT http://127.0.0.1:8080/emulator/v1/projects/automod-5f5ab/triggers/us-central1-markEdit-0 [none]
[debug] [2023-02-25T18:58:29.419Z] >>> [apiv2][body] PUT http://127.0.0.1:8080/emulator/v1/projects/automod-5f5ab/triggers/us-central1-markEdit-0 "{\"eventTrigger\":{\"eventType\":\"providers/cloud.firestore/eventTypes/document.write\",\"resource\":\"projects/automod-5f5ab/databases/(default)/documents/fluids/{docId}\",\"service\":\"firestore.googleapis.com\"}}"
[debug] [2023-02-25T18:58:29.422Z] Feb 25, 2023 10:58:29 AM io.gapi.emulators.netty.HttpVersionRoutingHandler channelRead
INFO: Detected non-HTTP/2 connection.
 {"metadata":{"emulator":{"name":"firestore"},"message":"Feb 25, 2023 10:58:29 AM io.gapi.emulators.netty.HttpVersionRoutingHandler channelRead\nINFO: Detected non-HTTP/2 connection.\n"}}
[debug] [2023-02-25T18:58:29.486Z] Feb 25, 2023 10:58:29 AM io.gapi.emulators.netty.HttpVersionRoutingHandler channelRead
INFO: Detected HTTP/2 connection.
 {"metadata":{"emulator":{"name":"firestore"},"message":"Feb 25, 2023 10:58:29 AM io.gapi.emulators.netty.HttpVersionRoutingHandler channelRead\nINFO: Detected HTTP/2 connection.\n"}}
[debug] [2023-02-25T18:58:29.523Z] <<< [apiv2][status] PUT http://127.0.0.1:8080/emulator/v1/projects/automod-5f5ab/triggers/us-central1-markEdit-0 200
[debug] [2023-02-25T18:58:29.524Z] <<< [apiv2][body] PUT http://127.0.0.1:8080/emulator/v1/projects/automod-5f5ab/triggers/us-central1-markEdit-0 {}
[info] ✔  functions[us-central1-markEdit]: firestore function initialized. {"metadata":{"emulator":{"name":"functions"},"message":"\u001b[1mfirestore\u001b[22m function initialized."}}
[info] 
┌─────────────────────────────────────────────────────────────┐
│ ✔  All emulators ready! It is now safe to connect your app. │
│ i  View Emulator UI at http://127.0.0.1:4000/               │
└─────────────────────────────────────────────────────────────┘

┌───────────┬────────────────┬─────────────────────────────────┐
│ Emulator  │ Host:Port      │ View in Emulator UI             │
├───────────┼────────────────┼─────────────────────────────────┤
│ Functions │ 127.0.0.1:5001 │ http://127.0.0.1:4000/functions │
├───────────┼────────────────┼─────────────────────────────────┤
│ Firestore │ 127.0.0.1:8080 │ http://127.0.0.1:4000/firestore │
├───────────┼────────────────┼─────────────────────────────────┤
│ Hosting   │ 127.0.0.1:5000 │ n/a                             │
└───────────┴────────────────┴─────────────────────────────────┘
  Emulator Hub running at 127.0.0.1:4400
  Other reserved ports: 4500, 9150

Issues? Report them at https://github.com/firebase/firebase-tools/issues and attach the *-debug.log files.
 
[debug] [2023-02-25T18:58:33.107Z] Feb 25, 2023 10:58:33 AM com.google.cloud.datastore.emulator.firestore.websocket.WebSocketChannelHandler initChannel
INFO: Connected to new websocket client
 {"metadata":{"emulator":{"name":"firestore"},"message":"Feb 25, 2023 10:58:33 AM com.google.cloud.datastore.emulator.firestore.websocket.WebSocketChannelHandler initChannel\nINFO: Connected to new websocket client\n"}}
[debug] [2023-02-25T18:58:33.124Z] Feb 25, 2023 10:58:33 AM com.google.cloud.datastore.emulator.firestore.websocket.WebSocketChannelHandler initChannel
INFO: Connected to new websocket client
 {"metadata":{"emulator":{"name":"firestore"},"message":"Feb 25, 2023 10:58:33 AM com.google.cloud.datastore.emulator.firestore.websocket.WebSocketChannelHandler initChannel\nINFO: Connected to new websocket client\n"}}
[debug] [2023-02-25T18:58:33.133Z] Feb 25, 2023 10:58:33 AM com.google.cloud.datastore.emulator.firestore.websocket.WebSocketChannelHandler initChannel
INFO: Connected to new websocket client
 {"metadata":{"emulator":{"name":"firestore"},"message":"Feb 25, 2023 10:58:33 AM com.google.cloud.datastore.emulator.firestore.websocket.WebSocketChannelHandler initChannel\nINFO: Connected to new websocket client\n"}}
[debug] [2023-02-25T18:58:34.324Z] Feb 25, 2023 10:58:34 AM io.gapi.emulators.netty.HttpVersionRoutingHandler channelRead
INFO: Detected non-HTTP/2 connection.
 {"metadata":{"emulator":{"name":"firestore"},"message":"Feb 25, 2023 10:58:34 AM io.gapi.emulators.netty.HttpVersionRoutingHandler channelRead\nINFO: Detected non-HTTP/2 connection.\n"}}
[debug] [2023-02-25T18:58:34.328Z] Feb 25, 2023 10:58:34 AM io.gapi.emulators.netty.HttpVersionRoutingHandler channelRead
INFO: Detected non-HTTP/2 connection.
 {"metadata":{"emulator":{"name":"firestore"},"message":"Feb 25, 2023 10:58:34 AM io.gapi.emulators.netty.HttpVersionRoutingHandler channelRead\nINFO: Detected non-HTTP/2 connection.\n"}}
[debug] [2023-02-25T18:58:34.338Z] Feb 25, 2023 10:58:34 AM io.gapi.emulators.netty.HttpVersionRoutingHandler channelRead
INFO: Detected non-HTTP/2 connection.
 {"metadata":{"emulator":{"name":"firestore"},"message":"Feb 25, 2023 10:58:34 AM io.gapi.emulators.netty.HttpVersionRoutingHandler channelRead\nINFO: Detected non-HTTP/2 connection.\n"}}
[debug] [2023-02-25T18:58:34.353Z] Feb 25, 2023 10:58:34 AM com.google.cloud.datastore.emulator.firestore.websocket.WebSocketChannelHandler channelClosed
INFO: Websocket client disconnected
 {"metadata":{"emulator":{"name":"firestore"},"message":"Feb 25, 2023 10:58:34 AM com.google.cloud.datastore.emulator.firestore.websocket.WebSocketChannelHandler channelClosed\nINFO: Websocket client disconnected\n"}}
[debug] [2023-02-25T18:58:34.357Z] Feb 25, 2023 10:58:34 AM com.google.cloud.datastore.emulator.firestore.websocket.WebSocketChannelHandler initChannel
INFO: Connected to new websocket client
 {"metadata":{"emulator":{"name":"firestore"},"message":"Feb 25, 2023 10:58:34 AM com.google.cloud.datastore.emulator.firestore.websocket.WebSocketChannelHandler initChannel\nINFO: Connected to new websocket client\n"}}
[debug] [2023-02-25T18:58:34.373Z] Feb 25, 2023 10:58:34 AM io.gapi.emulators.netty.HttpVersionRoutingHandler channelRead
INFO: Detected non-HTTP/2 connection.
 {"metadata":{"emulator":{"name":"firestore"},"message":"Feb 25, 2023 10:58:34 AM io.gapi.emulators.netty.HttpVersionRoutingHandler channelRead\nINFO: Detected non-HTTP/2 connection.\n"}}
[debug] [2023-02-25T18:58:34.381Z] Feb 25, 2023 10:58:34 AM com.google.cloud.datastore.emulator.firestore.webchannel.FirestoreV1WebChannelAdapter$FirestoreListenHandler onClose
INFO: channel closed
 {"metadata":{"emulator":{"name":"firestore"},"message":"Feb 25, 2023 10:58:34 AM com.google.cloud.datastore.emulator.firestore.webchannel.FirestoreV1WebChannelAdapter$FirestoreListenHandler onClose\nINFO: channel closed\n"}}
[debug] [2023-02-25T18:58:34.404Z] Feb 25, 2023 10:58:34 AM io.gapi.emulators.netty.HttpVersionRoutingHandler channelRead
INFO: Detected non-HTTP/2 connection.
 {"metadata":{"emulator":{"name":"firestore"},"message":"Feb 25, 2023 10:58:34 AM io.gapi.emulators.netty.HttpVersionRoutingHandler channelRead\nINFO: Detected non-HTTP/2 connection.\n"}}
[debug] [2023-02-25T18:58:34.422Z] Feb 25, 2023 10:58:34 AM io.gapi.emulators.netty.HttpVersionRoutingHandler channelRead
INFO: Detected non-HTTP/2 connection.
 {"metadata":{"emulator":{"name":"firestore"},"message":"Feb 25, 2023 10:58:34 AM io.gapi.emulators.netty.HttpVersionRoutingHandler channelRead\nINFO: Detected non-HTTP/2 connection.\n"}}
[debug] [2023-02-25T18:58:34.439Z] Feb 25, 2023 10:58:34 AM io.gapi.emulators.netty.HttpVersionRoutingHandler channelRead
INFO: Detected non-HTTP/2 connection.
 {"metadata":{"emulator":{"name":"firestore"},"message":"Feb 25, 2023 10:58:34 AM io.gapi.emulators.netty.HttpVersionRoutingHandler channelRead\nINFO: Detected non-HTTP/2 connection.\n"}}
[debug] [2023-02-25T18:58:34.754Z] Feb 25, 2023 10:58:34 AM com.google.cloud.datastore.emulator.firestore.websocket.WebSocketChannelHandler channelClosed
INFO: Websocket client disconnected
 {"metadata":{"emulator":{"name":"firestore"},"message":"Feb 25, 2023 10:58:34 AM com.google.cloud.datastore.emulator.firestore.websocket.WebSocketChannelHandler channelClosed\nINFO: Websocket client disconnected\n"}}
[debug] [2023-02-25T18:58:35.042Z] Feb 25, 2023 10:58:35 AM com.google.cloud.datastore.emulator.firestore.websocket.WebSocketChannelHandler channelClosed
INFO: Websocket client disconnected
 {"metadata":{"emulator":{"name":"firestore"},"message":"Feb 25, 2023 10:58:35 AM com.google.cloud.datastore.emulator.firestore.websocket.WebSocketChannelHandler channelClosed\nINFO: Websocket client disconnected\n"}}
[debug] [2023-02-25T18:58:57.158Z] Feb 25, 2023 10:58:57 AM io.gapi.emulators.netty.HttpVersionRoutingHandler channelRead
INFO: Detected non-HTTP/2 connection.
 {"metadata":{"emulator":{"name":"firestore"},"message":"Feb 25, 2023 10:58:57 AM io.gapi.emulators.netty.HttpVersionRoutingHandler channelRead\nINFO: Detected non-HTTP/2 connection.\n"}}
[debug] [2023-02-25T18:58:57.173Z] Feb 25, 2023 10:58:57 AM io.gapi.emulators.netty.HttpVersionRoutingHandler channelRead
INFO: Detected non-HTTP/2 connection.
 {"metadata":{"emulator":{"name":"firestore"},"message":"Feb 25, 2023 10:58:57 AM io.gapi.emulators.netty.HttpVersionRoutingHandler channelRead\nINFO: Detected non-HTTP/2 connection.\n"}}
[debug] [2023-02-25T18:58:57.181Z] Feb 25, 2023 10:58:57 AM io.gapi.emulators.netty.HttpVersionRoutingHandler channelRead
INFO: Detected non-HTTP/2 connection.
 {"metadata":{"emulator":{"name":"firestore"},"message":"Feb 25, 2023 10:58:57 AM io.gapi.emulators.netty.HttpVersionRoutingHandler channelRead\nINFO: Detected non-HTTP/2 connection.\n"}}
[debug] [2023-02-25T18:58:57.269Z] [work-queue] {"queuedWork":["/functions/projects/automod-5f5ab/triggers/us-central1-markEdit-0-2023-02-25T18:58:57.269Z"],"queueLength":1,"runningWork":[],"workRunningCount":0}
[debug] [2023-02-25T18:58:57.270Z] [work-queue] {"queuedWork":[],"queueLength":0,"runningWork":["/functions/projects/automod-5f5ab/triggers/us-central1-markEdit-0-2023-02-25T18:58:57.269Z"],"workRunningCount":1}
[debug] [2023-02-25T18:58:57.270Z] Accepted request POST /functions/projects/automod-5f5ab/triggers/us-central1-markEdit-0 --> us-central1-markEdit-0
[debug] [2023-02-25T18:58:57.275Z] [functions] Runtime ready! Sending request! {"metadata":{"emulator":{"name":"functions"},"message":"[functions] Runtime ready! Sending request!"}}
[debug] [2023-02-25T18:58:57.276Z] [functions] Got req.url=/functions/projects/automod-5f5ab/triggers/us-central1-markEdit-0, mapping to path=/functions/projects/ {"metadata":{"emulator":{"name":"functions"},"message":"[functions] Got req.url=/functions/projects/automod-5f5ab/triggers/us-central1-markEdit-0, mapping to path=/functions/projects/"}}
[debug] [2023-02-25T18:58:57.297Z] [worker-pool] addWorker(us-central1-markEdit) {"metadata":{"emulator":{"name":"functions"},"message":"[worker-pool] addWorker(us-central1-markEdit)"}}
[debug] [2023-02-25T18:58:57.298Z] [worker-pool] Adding worker with key us-central1-markEdit, total=1 {"metadata":{"emulator":{"name":"functions"},"message":"[worker-pool] Adding worker with key us-central1-markEdit, total=1"}}
[debug] [2023-02-25T18:58:57.304Z] Feb 25, 2023 10:58:57 AM io.gapi.emulators.netty.HttpVersionRoutingHandler channelRead
INFO: Detected non-HTTP/2 connection.
 {"metadata":{"emulator":{"name":"firestore"},"message":"Feb 25, 2023 10:58:57 AM io.gapi.emulators.netty.HttpVersionRoutingHandler channelRead\nINFO: Detected non-HTTP/2 connection.\n"}}
[debug] [2023-02-25T18:58:57.319Z] Feb 25, 2023 10:58:57 AM io.gapi.emulators.netty.HttpVersionRoutingHandler channelRead
INFO: Detected non-HTTP/2 connection.
 {"metadata":{"emulator":{"name":"firestore"},"message":"Feb 25, 2023 10:58:57 AM io.gapi.emulators.netty.HttpVersionRoutingHandler channelRead\nINFO: Detected non-HTTP/2 connection.\n"}}
[debug] [2023-02-25T18:58:57.399Z] Feb 25, 2023 10:58:57 AM io.gapi.emulators.netty.HttpVersionRoutingHandler channelRead
INFO: Detected non-HTTP/2 connection.
 {"metadata":{"emulator":{"name":"firestore"},"message":"Feb 25, 2023 10:58:57 AM io.gapi.emulators.netty.HttpVersionRoutingHandler channelRead\nINFO: Detected non-HTTP/2 connection.\n"}}
[debug] [2023-02-25T18:58:57.843Z] [runtime-status] [41048] Resolved module firebase-admin {"declared":true,"installed":true,"version":"10.3.0","resolution":"/home/daniel/Projects/cool_automod_ui/functions/node_modules/firebase-admin/lib/index.js"} {"metadata":{"emulator":{"name":"functions"},"function":{"name":"us-central1-markEdit"},"extension":{},"message":"[runtime-status] [41048] Resolved module firebase-admin {\"declared\":true,\"installed\":true,\"version\":\"10.3.0\",\"resolution\":\"/home/daniel/Projects/cool_automod_ui/functions/node_modules/firebase-admin/lib/index.js\"}"}}
[debug] [2023-02-25T18:58:57.844Z] [runtime-status] [41048] Resolved module firebase-functions {"declared":true,"installed":true,"version":"4.2.1","resolution":"/home/daniel/Projects/cool_automod_ui/functions/node_modules/firebase-functions/lib/v1/index.js"} {"metadata":{"emulator":{"name":"functions"},"function":{"name":"us-central1-markEdit"},"extension":{},"message":"[runtime-status] [41048] Resolved module firebase-functions {\"declared\":true,\"installed\":true,\"version\":\"4.2.1\",\"resolution\":\"/home/daniel/Projects/cool_automod_ui/functions/node_modules/firebase-functions/lib/v1/index.js\"}"}}
[debug] [2023-02-25T18:58:57.844Z] [runtime-status] [41048] Outgoing network have been stubbed. [{"name":"http","status":"mocked"},{"name":"http","status":"mocked"},{"name":"https","status":"mocked"},{"name":"https","status":"mocked"},{"name":"net","status":"mocked"}] {"metadata":{"emulator":{"name":"functions"},"function":{"name":"us-central1-markEdit"},"extension":{},"message":"[runtime-status] [41048] Outgoing network have been stubbed. [{\"name\":\"http\",\"status\":\"mocked\"},{\"name\":\"http\",\"status\":\"mocked\"},{\"name\":\"https\",\"status\":\"mocked\"},{\"name\":\"https\",\"status\":\"mocked\"},{\"name\":\"net\",\"status\":\"mocked\"}]"}}
[debug] [2023-02-25T18:58:57.845Z] [runtime-status] [41048] Resolved module firebase-functions {"declared":true,"installed":true,"version":"4.2.1","resolution":"/home/daniel/Projects/cool_automod_ui/functions/node_modules/firebase-functions/lib/v1/index.js"} {"metadata":{"emulator":{"name":"functions"},"function":{"name":"us-central1-markEdit"},"extension":{},"message":"[runtime-status] [41048] Resolved module firebase-functions {\"declared\":true,\"installed\":true,\"version\":\"4.2.1\",\"resolution\":\"/home/daniel/Projects/cool_automod_ui/functions/node_modules/firebase-functions/lib/v1/index.js\"}"}}
[debug] [2023-02-25T18:58:57.921Z] [runtime-status] [41048] Checked functions.config() {"config":{}} {"metadata":{"emulator":{"name":"functions"},"function":{"name":"us-central1-markEdit"},"extension":{},"message":"[runtime-status] [41048] Checked functions.config() {\"config\":{}}"}}
[debug] [2023-02-25T18:58:57.921Z] [runtime-status] [41048] firebase-functions has been stubbed. {"functionsResolution":{"declared":true,"installed":true,"version":"4.2.1","resolution":"/home/daniel/Projects/cool_automod_ui/functions/node_modules/firebase-functions/lib/v1/index.js"}} {"metadata":{"emulator":{"name":"functions"},"function":{"name":"us-central1-markEdit"},"extension":{},"message":"[runtime-status] [41048] firebase-functions has been stubbed. {\"functionsResolution\":{\"declared\":true,\"installed\":true,\"version\":\"4.2.1\",\"resolution\":\"/home/daniel/Projects/cool_automod_ui/functions/node_modules/firebase-functions/lib/v1/index.js\"}}"}}
[debug] [2023-02-25T18:58:57.921Z] [runtime-status] [41048] Resolved module firebase-functions {"declared":true,"installed":true,"version":"4.2.1","resolution":"/home/daniel/Projects/cool_automod_ui/functions/node_modules/firebase-functions/lib/v1/index.js"} {"metadata":{"emulator":{"name":"functions"},"function":{"name":"us-central1-markEdit"},"extension":{},"message":"[runtime-status] [41048] Resolved module firebase-functions {\"declared\":true,\"installed\":true,\"version\":\"4.2.1\",\"resolution\":\"/home/daniel/Projects/cool_automod_ui/functions/node_modules/firebase-functions/lib/v1/index.js\"}"}}
[debug] [2023-02-25T18:58:57.922Z] [runtime-status] [41048] Resolved module firebase-admin {"declared":true,"installed":true,"version":"10.3.0","resolution":"/home/daniel/Projects/cool_automod_ui/functions/node_modules/firebase-admin/lib/index.js"} {"metadata":{"emulator":{"name":"functions"},"function":{"name":"us-central1-markEdit"},"extension":{},"message":"[runtime-status] [41048] Resolved module firebase-admin {\"declared\":true,\"installed\":true,\"version\":\"10.3.0\",\"resolution\":\"/home/daniel/Projects/cool_automod_ui/functions/node_modules/firebase-admin/lib/index.js\"}"}}
[debug] [2023-02-25T18:58:57.923Z] [runtime-status] [41048] Resolved module firebase-functions {"declared":true,"installed":true,"version":"4.2.1","resolution":"/home/daniel/Projects/cool_automod_ui/functions/node_modules/firebase-functions/lib/v1/index.js"} {"metadata":{"emulator":{"name":"functions"},"function":{"name":"us-central1-markEdit"},"extension":{},"message":"[runtime-status] [41048] Resolved module firebase-functions {\"declared\":true,\"installed\":true,\"version\":\"4.2.1\",\"resolution\":\"/home/daniel/Projects/cool_automod_ui/functions/node_modules/firebase-functions/lib/v1/index.js\"}"}}
[debug] [2023-02-25T18:58:57.923Z] [runtime-status] [41048] firebase-admin has been stubbed. {"adminResolution":{"declared":true,"installed":true,"version":"10.3.0","resolution":"/home/daniel/Projects/cool_automod_ui/functions/node_modules/firebase-admin/lib/index.js"}} {"metadata":{"emulator":{"name":"functions"},"function":{"name":"us-central1-markEdit"},"extension":{},"message":"[runtime-status] [41048] firebase-admin has been stubbed. {\"adminResolution\":{\"declared\":true,\"installed\":true,\"version\":\"10.3.0\",\"resolution\":\"/home/daniel/Projects/cool_automod_ui/functions/node_modules/firebase-admin/lib/index.js\"}}"}}
[debug] [2023-02-25T18:58:57.924Z] [runtime-status] [41048] initializeApp(DEFAULT) {"storageBucket":"automod-5f5ab.appspot.com","projectId":"automod-5f5ab"} {"metadata":{"emulator":{"name":"functions"},"function":{"name":"us-central1-markEdit"},"extension":{},"message":"[runtime-status] [41048] initializeApp(DEFAULT) {\"storageBucket\":\"automod-5f5ab.appspot.com\",\"projectId\":\"automod-5f5ab\"}"}}
[debug] [2023-02-25T18:58:57.929Z] [runtime-status] [41048] Functions runtime initialized. {"cwd":"/home/daniel/Projects/cool_automod_ui/functions","node_version":"19.6.0"} {"metadata":{"emulator":{"name":"functions"},"function":{"name":"us-central1-markEdit"},"extension":{},"message":"[runtime-status] [41048] Functions runtime initialized. {\"cwd\":\"/home/daniel/Projects/cool_automod_ui/functions\",\"node_version\":\"19.6.0\"}"}}
[debug] [2023-02-25T18:58:57.929Z] [runtime-status] [41048] Listening to port: /tmp/fire_emu_e0e7be09c73570dc.sock {"metadata":{"emulator":{"name":"functions"},"function":{"name":"us-central1-markEdit"},"extension":{},"message":"[runtime-status] [41048] Listening to port: /tmp/fire_emu_e0e7be09c73570dc.sock"}}
[debug] [2023-02-25T18:58:58.009Z] [worker-us-central1-markEdit-5e290948-bf0a-4d80-a254-4f34c78666ef]: IDLE {"metadata":{"emulator":{"name":"functions"},"message":"[worker-us-central1-markEdit-5e290948-bf0a-4d80-a254-4f34c78666ef]: IDLE"}}
[debug] [2023-02-25T18:58:58.010Z] [worker-pool] submitRequest(triggerId=us-central1-markEdit) {"metadata":{"emulator":{"name":"functions"},"message":"[worker-pool] submitRequest(triggerId=us-central1-markEdit)"}}
[debug] [2023-02-25T18:58:58.010Z] [worker-us-central1-markEdit-5e290948-bf0a-4d80-a254-4f34c78666ef]: BUSY {"metadata":{"emulator":{"name":"functions"},"message":"[worker-us-central1-markEdit-5e290948-bf0a-4d80-a254-4f34c78666ef]: BUSY"}}
[info] i  functions: Beginning execution of "markEdit" {"metadata":{"emulator":{"name":"functions"},"function":{"name":"us-central1-markEdit"},"extension":{},"message":"Beginning execution of \"markEdit\""}}
[debug] [2023-02-25T18:58:58.016Z] [runtime-status] [41048] ProcessBackground: lifting resource.name from resource {"name":"projects/automod-5f5ab/databases/(default)/documents/fluids/SEkIOiPoLKh7yQDre8IP","service":"firestore.googleapis.com"} {"metadata":{"emulator":{"name":"functions"},"function":{"name":"us-central1-markEdit"},"extension":{},"message":"[runtime-status] [41048] ProcessBackground: lifting resource.name from resource {\"name\":\"projects/automod-5f5ab/databases/(default)/documents/fluids/SEkIOiPoLKh7yQDre8IP\",\"service\":\"firestore.googleapis.com\"}"}}
[debug] [2023-02-25T18:58:58.017Z] [runtime-status] [41048] RunBackground {"data":{"value":{"name":"projects/automod-5f5ab/databases/(default)/documents/fluids/SEkIOiPoLKh7yQDre8IP","fields":{"uid":{"stringValue":"USER_ID"},"test":{"stringValue":"x"}},"createTime":"2023-02-25T18:58:57.221629Z","updateTime":"2023-02-25T18:58:57.221629Z"},"updateMask":{}},"context":{"eventId":"8b15383f-7bfd-4a24-ac8b-01c88c848284","timestamp":"2023-02-25T18:58:57.221Z","eventType":"providers/cloud.firestore/eventTypes/document.write","resource":"projects/automod-5f5ab/databases/(default)/documents/fluids/SEkIOiPoLKh7yQDre8IP"}} {"metadata":{"emulator":{"name":"functions"},"function":{"name":"us-central1-markEdit"},"extension":{},"message":"[runtime-status] [41048] RunBackground {\"data\":{\"value\":{\"name\":\"projects/automod-5f5ab/databases/(default)/documents/fluids/SEkIOiPoLKh7yQDre8IP\",\"fields\":{\"uid\":{\"stringValue\":\"USER_ID\"},\"test\":{\"stringValue\":\"x\"}},\"createTime\":\"2023-02-25T18:58:57.221629Z\",\"updateTime\":\"2023-02-25T18:58:57.221629Z\"},\"updateMask\":{}},\"context\":{\"eventId\":\"8b15383f-7bfd-4a24-ac8b-01c88c848284\",\"timestamp\":\"2023-02-25T18:58:57.221Z\",\"eventType\":\"providers/cloud.firestore/eventTypes/document.write\",\"resource\":\"projects/automod-5f5ab/databases/(default)/documents/fluids/SEkIOiPoLKh7yQDre8IP\"}}"}}
[debug] [2023-02-25T18:58:58.190Z] Feb 25, 2023 10:58:58 AM io.gapi.emulators.netty.HttpVersionRoutingHandler channelRead
INFO: Detected HTTP/2 connection.
 {"metadata":{"emulator":{"name":"firestore"},"message":"Feb 25, 2023 10:58:58 AM io.gapi.emulators.netty.HttpVersionRoutingHandler channelRead\nINFO: Detected HTTP/2 connection.\n"}}
[info] >  {"severity":"INFO","message":"Empty edit snapshot"} {"user":{"severity":"INFO","message":"Empty edit snapshot"},"metadata":{"emulator":{"name":"functions"},"function":{"name":"us-central1-markEdit"},"extension":{},"message":"\u001b[90m> \u001b[39m {\"severity\":\"INFO\",\"message\":\"Empty edit snapshot\"}"}}
[debug] [2023-02-25T18:58:58.232Z] [worker-us-central1-markEdit-5e290948-bf0a-4d80-a254-4f34c78666ef]: IDLE {"metadata":{"emulator":{"name":"functions"},"message":"[worker-us-central1-markEdit-5e290948-bf0a-4d80-a254-4f34c78666ef]: IDLE"}}
[debug] [2023-02-25T18:58:58.232Z] [work-queue] {"queuedWork":[],"queueLength":0,"runningWork":[],"workRunningCount":0}
[info] i  functions: Finished "markEdit" in 214.91664ms {"metadata":{"emulator":{"name":"functions"},"function":{"name":"us-central1-markEdit"},"extension":{},"message":"Finished \"markEdit\" in 214.91664ms"}}
[debug] [2023-02-25T18:58:59.022Z] Feb 25, 2023 10:58:59 AM com.google.cloud.datastore.emulator.firestore.websocket.WebSocketChannelHandler initChannel
INFO: Connected to new websocket client
 {"metadata":{"emulator":{"name":"firestore"},"message":"Feb 25, 2023 10:58:59 AM com.google.cloud.datastore.emulator.firestore.websocket.WebSocketChannelHandler initChannel\nINFO: Connected to new websocket client\n"}}
[warn] ⚠  functions: Your function timed out after ~60s. To configure this timeout, see
      https://firebase.google.com/docs/functions/manage-functions#set_timeout_and_memory_allocation. {"metadata":{"emulator":{"name":"functions"},"function":{"name":"us-central1-markEdit"},"extension":{},"message":"Your function timed out after ~60s. To configure this timeout, see\n      https://firebase.google.com/docs/functions/manage-functions#set_timeout_and_memory_allocation."}}
[warn] ⚠  Your function was killed because it raised an unhandled error. {"metadata":{"emulator":{"name":"functions"},"function":{"name":"us-central1-markEdit"},"extension":{},"message":"Your function was killed because it raised an unhandled error."}}
[debug] [2023-02-25T18:59:03.025Z] [worker-us-central1-markEdit-5e290948-bf0a-4d80-a254-4f34c78666ef]: exited {"metadata":{"emulator":{"name":"functions"},"message":"[worker-us-central1-markEdit-5e290948-bf0a-4d80-a254-4f34c78666ef]: exited"}}
[debug] [2023-02-25T18:59:03.025Z] [worker-us-central1-markEdit-5e290948-bf0a-4d80-a254-4f34c78666ef]: FINISHED {"metadata":{"emulator":{"name":"functions"},"message":"[worker-us-central1-markEdit-5e290948-bf0a-4d80-a254-4f34c78666ef]: FINISHED"}}
[debug] [2023-02-25T18:59:08.876Z] Feb 25, 2023 10:59:08 AM io.gapi.emulators.netty.HttpVersionRoutingHandler channelRead
INFO: Detected non-HTTP/2 connection.
 {"metadata":{"emulator":{"name":"firestore"},"message":"Feb 25, 2023 10:59:08 AM io.gapi.emulators.netty.HttpVersionRoutingHandler channelRead\nINFO: Detected non-HTTP/2 connection.\n"}}
[debug] [2023-02-25T18:59:08.954Z] Feb 25, 2023 10:59:08 AM io.gapi.emulators.netty.HttpVersionRoutingHandler channelRead
INFO: Detected non-HTTP/2 connection.
 {"metadata":{"emulator":{"name":"firestore"},"message":"Feb 25, 2023 10:59:08 AM io.gapi.emulators.netty.HttpVersionRoutingHandler channelRead\nINFO: Detected non-HTTP/2 connection.\n"}}
[debug] [2023-02-25T18:59:10.149Z] Feb 25, 2023 10:59:10 AM io.gapi.emulators.netty.HttpVersionRoutingHandler channelRead
INFO: Detected non-HTTP/2 connection.
 {"metadata":{"emulator":{"name":"firestore"},"message":"Feb 25, 2023 10:59:10 AM io.gapi.emulators.netty.HttpVersionRoutingHandler channelRead\nINFO: Detected non-HTTP/2 connection.\n"}}
[debug] [2023-02-25T18:59:19.153Z] Feb 25, 2023 10:59:19 AM io.gapi.emulators.netty.HttpVersionRoutingHandler channelRead
INFO: Detected non-HTTP/2 connection.
 {"metadata":{"emulator":{"name":"firestore"},"message":"Feb 25, 2023 10:59:19 AM io.gapi.emulators.netty.HttpVersionRoutingHandler channelRead\nINFO: Detected non-HTTP/2 connection.\n"}}
[debug] [2023-02-25T18:59:49.175Z] Feb 25, 2023 10:59:49 AM io.gapi.emulators.netty.HttpVersionRoutingHandler channelRead
INFO: Detected non-HTTP/2 connection.
 {"metadata":{"emulator":{"name":"firestore"},"message":"Feb 25, 2023 10:59:49 AM io.gapi.emulators.netty.HttpVersionRoutingHandler channelRead\nINFO: Detected non-HTTP/2 connection.\n"}}
[debug] [2023-02-25T18:59:57.269Z] Feb 25, 2023 10:59:57 AM io.gapi.emulators.netty.HttpVersionRoutingHandler channelRead
INFO: Detected non-HTTP/2 connection.
 {"metadata":{"emulator":{"name":"firestore"},"message":"Feb 25, 2023 10:59:57 AM io.gapi.emulators.netty.HttpVersionRoutingHandler channelRead\nINFO: Detected non-HTTP/2 connection.\n"}}
[debug] [2023-02-25T18:59:57.277Z] Feb 25, 2023 10:59:57 AM com.google.cloud.datastore.emulator.firestore.webchannel.FirestoreV1WebChannelAdapter$FirestoreWriteHandler onClose
INFO: channel closed
 {"metadata":{"emulator":{"name":"firestore"},"message":"Feb 25, 2023 10:59:57 AM com.google.cloud.datastore.emulator.firestore.webchannel.FirestoreV1WebChannelAdapter$FirestoreWriteHandler onClose\nINFO: channel closed\n"}}
